CRITICAL - 2023-01-26 00:51:59 --> view(): Argument #2 ($data) must be of type array, string given, called in C:\xampp\htdocs\web-codeigniter\app\Controllers\Home.php on line 10
in SYSTEMPATH\Common.php on line 1163.
 1 APPPATH\Controllers\Home.php(10): view('welcome_message', 'Hola mundo')
 2 SYSTEMPATH\CodeIgniter.php(934): App\Controllers\Home->index()
 3 SYSTEMPATH\CodeIgniter.php(499): CodeIgniter\CodeIgniter->runController(Object(App\Controllers\Home))
 4 SYSTEMPATH\CodeIgniter.php(368): CodeIgniter\CodeIgniter->handleRequest(null, Object(Config\Cache), false)
 5 FCPATH\index.php(67): CodeIgniter\CodeIgniter->run()
CRITICAL - 2023-01-26 00:53:12 --> view(): Argument #2 ($data) must be of type array, string given, called in C:\xampp\htdocs\web-codeigniter\app\Controllers\Home.php on line 10
in SYSTEMPATH\Common.php on line 1163.
 1 APPPATH\Controllers\Home.php(10): view('welcome_message', 'Hola mundo')
 2 SYSTEMPATH\CodeIgniter.php(934): App\Controllers\Home->index()
 3 SYSTEMPATH\CodeIgniter.php(499): CodeIgniter\CodeIgniter->runController(Object(App\Controllers\Home))
 4 SYSTEMPATH\CodeIgniter.php(368): CodeIgniter\CodeIgniter->handleRequest(null, Object(Config\Cache), false)
 5 FCPATH\index.php(67): CodeIgniter\CodeIgniter->run()
CRITICAL - 2023-01-26 00:53:13 --> view(): Argument #2 ($data) must be of type array, string given, called in C:\xampp\htdocs\web-codeigniter\app\Controllers\Home.php on line 10
in SYSTEMPATH\Common.php on line 1163.
 1 APPPATH\Controllers\Home.php(10): view('welcome_message', 'Hola mundo')
 2 SYSTEMPATH\CodeIgniter.php(934): App\Controllers\Home->index()
 3 SYSTEMPATH\CodeIgniter.php(499): CodeIgniter\CodeIgniter->runController(Object(App\Controllers\Home))
 4 SYSTEMPATH\CodeIgniter.php(368): CodeIgniter\CodeIgniter->handleRequest(null, Object(Config\Cache), false)
 5 FCPATH\index.php(67): CodeIgniter\CodeIgniter->run()
CRITICAL - 2023-01-26 00:53:14 --> view(): Argument #2 ($data) must be of type array, string given, called in C:\xampp\htdocs\web-codeigniter\app\Controllers\Home.php on line 10
in SYSTEMPATH\Common.php on line 1163.
 1 APPPATH\Controllers\Home.php(10): view('welcome_message', 'Hola mundo')
 2 SYSTEMPATH\CodeIgniter.php(934): App\Controllers\Home->index()
 3 SYSTEMPATH\CodeIgniter.php(499): CodeIgniter\CodeIgniter->runController(Object(App\Controllers\Home))
 4 SYSTEMPATH\CodeIgniter.php(368): CodeIgniter\CodeIgniter->handleRequest(null, Object(Config\Cache), false)
 5 FCPATH\index.php(67): CodeIgniter\CodeIgniter->run()
CRITICAL - 2023-01-26 00:53:14 --> view(): Argument #2 ($data) must be of type array, string given, called in C:\xampp\htdocs\web-codeigniter\app\Controllers\Home.php on line 10
in SYSTEMPATH\Common.php on line 1163.
 1 APPPATH\Controllers\Home.php(10): view('welcome_message', 'Hola mundo')
 2 SYSTEMPATH\CodeIgniter.php(934): App\Controllers\Home->index()
 3 SYSTEMPATH\CodeIgniter.php(499): CodeIgniter\CodeIgniter->runController(Object(App\Controllers\Home))
 4 SYSTEMPATH\CodeIgniter.php(368): CodeIgniter\CodeIgniter->handleRequest(null, Object(Config\Cache), false)
 5 FCPATH\index.php(67): CodeIgniter\CodeIgniter->run()
CRITICAL - 2023-01-26 00:53:15 --> view(): Argument #2 ($data) must be of type array, string given, called in C:\xampp\htdocs\web-codeigniter\app\Controllers\Home.php on line 10
in SYSTEMPATH\Common.php on line 1163.
 1 APPPATH\Controllers\Home.php(10): view('welcome_message', 'Hola mundo')
 2 SYSTEMPATH\CodeIgniter.php(934): App\Controllers\Home->index()
 3 SYSTEMPATH\CodeIgniter.php(499): CodeIgniter\CodeIgniter->runController(Object(App\Controllers\Home))
 4 SYSTEMPATH\CodeIgniter.php(368): CodeIgniter\CodeIgniter->handleRequest(null, Object(Config\Cache), false)
 5 FCPATH\index.php(67): CodeIgniter\CodeIgniter->run()
CRITICAL - 2023-01-26 00:53:15 --> view(): Argument #2 ($data) must be of type array, string given, called in C:\xampp\htdocs\web-codeigniter\app\Controllers\Home.php on line 10
in SYSTEMPATH\Common.php on line 1163.
 1 APPPATH\Controllers\Home.php(10): view('welcome_message', 'Hola mundo')
 2 SYSTEMPATH\CodeIgniter.php(934): App\Controllers\Home->index()
 3 SYSTEMPATH\CodeIgniter.php(499): CodeIgniter\CodeIgniter->runController(Object(App\Controllers\Home))
 4 SYSTEMPATH\CodeIgniter.php(368): CodeIgniter\CodeIgniter->handleRequest(null, Object(Config\Cache), false)
 5 FCPATH\index.php(67): CodeIgniter\CodeIgniter->run()
CRITICAL - 2023-01-26 00:53:36 --> Undefined variable $titulo
in APPPATH\Views\welcome_message.php on line 5.
 1 APPPATH\Views\welcome_message.php(5): CodeIgniter\Debug\Exceptions->errorHandler(2, 'Undefined variable $titulo', 'APPPATH\\Views\\welcome_message.php', 5)
 2 SYSTEMPATH\View\View.php(213): include('APPPATH\\Views\\welcome_message.php')
 3 SYSTEMPATH\View\View.php(216): CodeIgniter\View\View->CodeIgniter\View\{closure}()
 4 SYSTEMPATH\Common.php(1177): CodeIgniter\View\View->render('welcome_message', [], true)
 5 APPPATH\Controllers\Home.php(10): view('welcome_message')
 6 SYSTEMPATH\CodeIgniter.php(934): App\Controllers\Home->index()
 7 SYSTEMPATH\CodeIgniter.php(499): CodeIgniter\CodeIgniter->runController(Object(App\Controllers\Home))
 8 SYSTEMPATH\CodeIgniter.php(368): CodeIgniter\CodeIgniter->handleRequest(null, Object(Config\Cache), false)
 9 FCPATH\index.php(67): CodeIgniter\CodeIgniter->run()
CRITICAL - 2023-01-26 00:53:37 --> Undefined variable $titulo
in APPPATH\Views\welcome_message.php on line 5.
 1 APPPATH\Views\welcome_message.php(5): CodeIgniter\Debug\Exceptions->errorHandler(2, 'Undefined variable $titulo', 'APPPATH\\Views\\welcome_message.php', 5)
 2 SYSTEMPATH\View\View.php(213): include('APPPATH\\Views\\welcome_message.php')
 3 SYSTEMPATH\View\View.php(216): CodeIgniter\View\View->CodeIgniter\View\{closure}()
 4 SYSTEMPATH\Common.php(1177): CodeIgniter\View\View->render('welcome_message', [], true)
 5 APPPATH\Controllers\Home.php(10): view('welcome_message')
 6 SYSTEMPATH\CodeIgniter.php(934): App\Controllers\Home->index()
 7 SYSTEMPATH\CodeIgniter.php(499): CodeIgniter\CodeIgniter->runController(Object(App\Controllers\Home))
 8 SYSTEMPATH\CodeIgniter.php(368): CodeIgniter\CodeIgniter->handleRequest(null, Object(Config\Cache), false)
 9 FCPATH\index.php(67): CodeIgniter\CodeIgniter->run()
CRITICAL - 2023-01-26 00:53:37 --> Undefined variable $titulo
in APPPATH\Views\welcome_message.php on line 5.
 1 APPPATH\Views\welcome_message.php(5): CodeIgniter\Debug\Exceptions->errorHandler(2, 'Undefined variable $titulo', 'APPPATH\\Views\\welcome_message.php', 5)
 2 SYSTEMPATH\View\View.php(213): include('APPPATH\\Views\\welcome_message.php')
 3 SYSTEMPATH\View\View.php(216): CodeIgniter\View\View->CodeIgniter\View\{closure}()
 4 SYSTEMPATH\Common.php(1177): CodeIgniter\View\View->render('welcome_message', [], true)
 5 APPPATH\Controllers\Home.php(10): view('welcome_message')
 6 SYSTEMPATH\CodeIgniter.php(934): App\Controllers\Home->index()
 7 SYSTEMPATH\CodeIgniter.php(499): CodeIgniter\CodeIgniter->runController(Object(App\Controllers\Home))
 8 SYSTEMPATH\CodeIgniter.php(368): CodeIgniter\CodeIgniter->handleRequest(null, Object(Config\Cache), false)
 9 FCPATH\index.php(67): CodeIgniter\CodeIgniter->run()
CRITICAL - 2023-01-26 00:53:42 --> Undefined variable $titulo
in APPPATH\Views\welcome_message.php on line 5.
 1 APPPATH\Views\welcome_message.php(5): CodeIgniter\Debug\Exceptions->errorHandler(2, 'Undefined variable $titulo', 'APPPATH\\Views\\welcome_message.php', 5)
 2 SYSTEMPATH\View\View.php(213): include('APPPATH\\Views\\welcome_message.php')
 3 SYSTEMPATH\View\View.php(216): CodeIgniter\View\View->CodeIgniter\View\{closure}()
 4 SYSTEMPATH\Common.php(1177): CodeIgniter\View\View->render('welcome_message', [], true)
 5 APPPATH\Controllers\Home.php(10): view('welcome_message')
 6 SYSTEMPATH\CodeIgniter.php(934): App\Controllers\Home->index()
 7 SYSTEMPATH\CodeIgniter.php(499): CodeIgniter\CodeIgniter->runController(Object(App\Controllers\Home))
 8 SYSTEMPATH\CodeIgniter.php(368): CodeIgniter\CodeIgniter->handleRequest(null, Object(Config\Cache), false)
 9 FCPATH\index.php(67): CodeIgniter\CodeIgniter->run()
CRITICAL - 2023-01-26 00:53:43 --> Undefined variable $titulo
in APPPATH\Views\welcome_message.php on line 5.
 1 APPPATH\Views\welcome_message.php(5): CodeIgniter\Debug\Exceptions->errorHandler(2, 'Undefined variable $titulo', 'APPPATH\\Views\\welcome_message.php', 5)
 2 SYSTEMPATH\View\View.php(213): include('APPPATH\\Views\\welcome_message.php')
 3 SYSTEMPATH\View\View.php(216): CodeIgniter\View\View->CodeIgniter\View\{closure}()
 4 SYSTEMPATH\Common.php(1177): CodeIgniter\View\View->render('welcome_message', [], true)
 5 APPPATH\Controllers\Home.php(10): view('welcome_message')
 6 SYSTEMPATH\CodeIgniter.php(934): App\Controllers\Home->index()
 7 SYSTEMPATH\CodeIgniter.php(499): CodeIgniter\CodeIgniter->runController(Object(App\Controllers\Home))
 8 SYSTEMPATH\CodeIgniter.php(368): CodeIgniter\CodeIgniter->handleRequest(null, Object(Config\Cache), false)
 9 FCPATH\index.php(67): CodeIgniter\CodeIgniter->run()
CRITICAL - 2023-01-26 00:53:43 --> Undefined variable $titulo
in APPPATH\Views\welcome_message.php on line 5.
 1 APPPATH\Views\welcome_message.php(5): CodeIgniter\Debug\Exceptions->errorHandler(2, 'Undefined variable $titulo', 'APPPATH\\Views\\welcome_message.php', 5)
 2 SYSTEMPATH\View\View.php(213): include('APPPATH\\Views\\welcome_message.php')
 3 SYSTEMPATH\View\View.php(216): CodeIgniter\View\View->CodeIgniter\View\{closure}()
 4 SYSTEMPATH\Common.php(1177): CodeIgniter\View\View->render('welcome_message', [], true)
 5 APPPATH\Controllers\Home.php(10): view('welcome_message')
 6 SYSTEMPATH\CodeIgniter.php(934): App\Controllers\Home->index()
 7 SYSTEMPATH\CodeIgniter.php(499): CodeIgniter\CodeIgniter->runController(Object(App\Controllers\Home))
 8 SYSTEMPATH\CodeIgniter.php(368): CodeIgniter\CodeIgniter->handleRequest(null, Object(Config\Cache), false)
 9 FCPATH\index.php(67): CodeIgniter\CodeIgniter->run()
CRITICAL - 2023-01-26 00:53:43 --> Undefined variable $titulo
in APPPATH\Views\welcome_message.php on line 5.
 1 APPPATH\Views\welcome_message.php(5): CodeIgniter\Debug\Exceptions->errorHandler(2, 'Undefined variable $titulo', 'APPPATH\\Views\\welcome_message.php', 5)
 2 SYSTEMPATH\View\View.php(213): include('APPPATH\\Views\\welcome_message.php')
 3 SYSTEMPATH\View\View.php(216): CodeIgniter\View\View->CodeIgniter\View\{closure}()
 4 SYSTEMPATH\Common.php(1177): CodeIgniter\View\View->render('welcome_message', [], true)
 5 APPPATH\Controllers\Home.php(10): view('welcome_message')
 6 SYSTEMPATH\CodeIgniter.php(934): App\Controllers\Home->index()
 7 SYSTEMPATH\CodeIgniter.php(499): CodeIgniter\CodeIgniter->runController(Object(App\Controllers\Home))
 8 SYSTEMPATH\CodeIgniter.php(368): CodeIgniter\CodeIgniter->handleRequest(null, Object(Config\Cache), false)
 9 FCPATH\index.php(67): CodeIgniter\CodeIgniter->run()
CRITICAL - 2023-01-26 00:53:57 --> Undefined variable $titulo
in APPPATH\Views\welcome_message.php on line 5.
 1 APPPATH\Views\welcome_message.php(5): CodeIgniter\Debug\Exceptions->errorHandler(2, 'Undefined variable $titulo', 'APPPATH\\Views\\welcome_message.php', 5)
 2 SYSTEMPATH\View\View.php(213): include('APPPATH\\Views\\welcome_message.php')
 3 SYSTEMPATH\View\View.php(216): CodeIgniter\View\View->CodeIgniter\View\{closure}()
 4 SYSTEMPATH\Common.php(1177): CodeIgniter\View\View->render('welcome_message', [], true)
 5 APPPATH\Controllers\Home.php(10): view('welcome_message')
 6 SYSTEMPATH\CodeIgniter.php(934): App\Controllers\Home->index()
 7 SYSTEMPATH\CodeIgniter.php(499): CodeIgniter\CodeIgniter->runController(Object(App\Controllers\Home))
 8 SYSTEMPATH\CodeIgniter.php(368): CodeIgniter\CodeIgniter->handleRequest(null, Object(Config\Cache), false)
 9 FCPATH\index.php(67): CodeIgniter\CodeIgniter->run()
CRITICAL - 2023-01-26 00:54:20 --> Undefined variable $titulo
in APPPATH\Views\welcome_message.php on line 5.
 1 APPPATH\Views\welcome_message.php(5): CodeIgniter\Debug\Exceptions->errorHandler(2, 'Undefined variable $titulo', 'APPPATH\\Views\\welcome_message.php', 5)
 2 SYSTEMPATH\View\View.php(213): include('APPPATH\\Views\\welcome_message.php')
 3 SYSTEMPATH\View\View.php(216): CodeIgniter\View\View->CodeIgniter\View\{closure}()
 4 SYSTEMPATH\Common.php(1177): CodeIgniter\View\View->render('welcome_message', [], true)
 5 APPPATH\Controllers\Home.php(10): view('welcome_message')
 6 SYSTEMPATH\CodeIgniter.php(934): App\Controllers\Home->index()
 7 SYSTEMPATH\CodeIgniter.php(499): CodeIgniter\CodeIgniter->runController(Object(App\Controllers\Home))
 8 SYSTEMPATH\CodeIgniter.php(368): CodeIgniter\CodeIgniter->handleRequest(null, Object(Config\Cache), false)
 9 FCPATH\index.php(67): CodeIgniter\CodeIgniter->run()
CRITICAL - 2023-01-26 00:54:20 --> Undefined variable $titulo
in APPPATH\Views\welcome_message.php on line 5.
 1 APPPATH\Views\welcome_message.php(5): CodeIgniter\Debug\Exceptions->errorHandler(2, 'Undefined variable $titulo', 'APPPATH\\Views\\welcome_message.php', 5)
 2 SYSTEMPATH\View\View.php(213): include('APPPATH\\Views\\welcome_message.php')
 3 SYSTEMPATH\View\View.php(216): CodeIgniter\View\View->CodeIgniter\View\{closure}()
 4 SYSTEMPATH\Common.php(1177): CodeIgniter\View\View->render('welcome_message', [], true)
 5 APPPATH\Controllers\Home.php(10): view('welcome_message')
 6 SYSTEMPATH\CodeIgniter.php(934): App\Controllers\Home->index()
 7 SYSTEMPATH\CodeIgniter.php(499): CodeIgniter\CodeIgniter->runController(Object(App\Controllers\Home))
 8 SYSTEMPATH\CodeIgniter.php(368): CodeIgniter\CodeIgniter->handleRequest(null, Object(Config\Cache), false)
 9 FCPATH\index.php(67): CodeIgniter\CodeIgniter->run()
CRITICAL - 2023-01-26 00:54:20 --> Undefined variable $titulo
in APPPATH\Views\welcome_message.php on line 5.
 1 APPPATH\Views\welcome_message.php(5): CodeIgniter\Debug\Exceptions->errorHandler(2, 'Undefined variable $titulo', 'APPPATH\\Views\\welcome_message.php', 5)
 2 SYSTEMPATH\View\View.php(213): include('APPPATH\\Views\\welcome_message.php')
 3 SYSTEMPATH\View\View.php(216): CodeIgniter\View\View->CodeIgniter\View\{closure}()
 4 SYSTEMPATH\Common.php(1177): CodeIgniter\View\View->render('welcome_message', [], true)
 5 APPPATH\Controllers\Home.php(10): view('welcome_message')
 6 SYSTEMPATH\CodeIgniter.php(934): App\Controllers\Home->index()
 7 SYSTEMPATH\CodeIgniter.php(499): CodeIgniter\CodeIgniter->runController(Object(App\Controllers\Home))
 8 SYSTEMPATH\CodeIgniter.php(368): CodeIgniter\CodeIgniter->handleRequest(null, Object(Config\Cache), false)
 9 FCPATH\index.php(67): CodeIgniter\CodeIgniter->run()
CRITICAL - 2023-01-26 00:54:26 --> view(): Argument #2 ($data) must be of type array, string given, called in C:\xampp\htdocs\web-codeigniter\app\Controllers\Home.php on line 10
in SYSTEMPATH\Common.php on line 1163.
 1 APPPATH\Controllers\Home.php(10): view('welcome_message', 'Hola mundo')
 2 SYSTEMPATH\CodeIgniter.php(934): App\Controllers\Home->index()
 3 SYSTEMPATH\CodeIgniter.php(499): CodeIgniter\CodeIgniter->runController(Object(App\Controllers\Home))
 4 SYSTEMPATH\CodeIgniter.php(368): CodeIgniter\CodeIgniter->handleRequest(null, Object(Config\Cache), false)
 5 FCPATH\index.php(67): CodeIgniter\CodeIgniter->run()
CRITICAL - 2023-01-26 00:54:27 --> view(): Argument #2 ($data) must be of type array, string given, called in C:\xampp\htdocs\web-codeigniter\app\Controllers\Home.php on line 10
in SYSTEMPATH\Common.php on line 1163.
 1 APPPATH\Controllers\Home.php(10): view('welcome_message', 'Hola mundo')
 2 SYSTEMPATH\CodeIgniter.php(934): App\Controllers\Home->index()
 3 SYSTEMPATH\CodeIgniter.php(499): CodeIgniter\CodeIgniter->runController(Object(App\Controllers\Home))
 4 SYSTEMPATH\CodeIgniter.php(368): CodeIgniter\CodeIgniter->handleRequest(null, Object(Config\Cache), false)
 5 FCPATH\index.php(67): CodeIgniter\CodeIgniter->run()
CRITICAL - 2023-01-26 00:54:27 --> view(): Argument #2 ($data) must be of type array, string given, called in C:\xampp\htdocs\web-codeigniter\app\Controllers\Home.php on line 10
in SYSTEMPATH\Common.php on line 1163.
 1 APPPATH\Controllers\Home.php(10): view('welcome_message', 'Hola mundo')
 2 SYSTEMPATH\CodeIgniter.php(934): App\Controllers\Home->index()
 3 SYSTEMPATH\CodeIgniter.php(499): CodeIgniter\CodeIgniter->runController(Object(App\Controllers\Home))
 4 SYSTEMPATH\CodeIgniter.php(368): CodeIgniter\CodeIgniter->handleRequest(null, Object(Config\Cache), false)
 5 FCPATH\index.php(67): CodeIgniter\CodeIgniter->run()
CRITICAL - 2023-01-26 00:54:27 --> view(): Argument #2 ($data) must be of type array, string given, called in C:\xampp\htdocs\web-codeigniter\app\Controllers\Home.php on line 10
in SYSTEMPATH\Common.php on line 1163.
 1 APPPATH\Controllers\Home.php(10): view('welcome_message', 'Hola mundo')
 2 SYSTEMPATH\CodeIgniter.php(934): App\Controllers\Home->index()
 3 SYSTEMPATH\CodeIgniter.php(499): CodeIgniter\CodeIgniter->runController(Object(App\Controllers\Home))
 4 SYSTEMPATH\CodeIgniter.php(368): CodeIgniter\CodeIgniter->handleRequest(null, Object(Config\Cache), false)
 5 FCPATH\index.php(67): CodeIgniter\CodeIgniter->run()
CRITICAL - 2023-01-26 00:55:16 --> view(): Argument #2 ($data) must be of type array, string given, called in C:\xampp\htdocs\web-codeigniter\app\Controllers\Home.php on line 8
in SYSTEMPATH\Common.php on line 1163.
 1 APPPATH\Controllers\Home.php(8): view('welcome_message', 'Hola mundo')
 2 SYSTEMPATH\CodeIgniter.php(934): App\Controllers\Home->index()
 3 SYSTEMPATH\CodeIgniter.php(499): CodeIgniter\CodeIgniter->runController(Object(App\Controllers\Home))
 4 SYSTEMPATH\CodeIgniter.php(368): CodeIgniter\CodeIgniter->handleRequest(null, Object(Config\Cache), false)
 5 FCPATH\index.php(67): CodeIgniter\CodeIgniter->run()
CRITICAL - 2023-01-26 00:55:16 --> view(): Argument #2 ($data) must be of type array, string given, called in C:\xampp\htdocs\web-codeigniter\app\Controllers\Home.php on line 8
in SYSTEMPATH\Common.php on line 1163.
 1 APPPATH\Controllers\Home.php(8): view('welcome_message', 'Hola mundo')
 2 SYSTEMPATH\CodeIgniter.php(934): App\Controllers\Home->index()
 3 SYSTEMPATH\CodeIgniter.php(499): CodeIgniter\CodeIgniter->runController(Object(App\Controllers\Home))
 4 SYSTEMPATH\CodeIgniter.php(368): CodeIgniter\CodeIgniter->handleRequest(null, Object(Config\Cache), false)
 5 FCPATH\index.php(67): CodeIgniter\CodeIgniter->run()
CRITICAL - 2023-01-26 00:55:17 --> view(): Argument #2 ($data) must be of type array, string given, called in C:\xampp\htdocs\web-codeigniter\app\Controllers\Home.php on line 8
in SYSTEMPATH\Common.php on line 1163.
 1 APPPATH\Controllers\Home.php(8): view('welcome_message', 'Hola mundo')
 2 SYSTEMPATH\CodeIgniter.php(934): App\Controllers\Home->index()
 3 SYSTEMPATH\CodeIgniter.php(499): CodeIgniter\CodeIgniter->runController(Object(App\Controllers\Home))
 4 SYSTEMPATH\CodeIgniter.php(368): CodeIgniter\CodeIgniter->handleRequest(null, Object(Config\Cache), false)
 5 FCPATH\index.php(67): CodeIgniter\CodeIgniter->run()
CRITICAL - 2023-01-26 00:55:17 --> view(): Argument #2 ($data) must be of type array, string given, called in C:\xampp\htdocs\web-codeigniter\app\Controllers\Home.php on line 8
in SYSTEMPATH\Common.php on line 1163.
 1 APPPATH\Controllers\Home.php(8): view('welcome_message', 'Hola mundo')
 2 SYSTEMPATH\CodeIgniter.php(934): App\Controllers\Home->index()
 3 SYSTEMPATH\CodeIgniter.php(499): CodeIgniter\CodeIgniter->runController(Object(App\Controllers\Home))
 4 SYSTEMPATH\CodeIgniter.php(368): CodeIgniter\CodeIgniter->handleRequest(null, Object(Config\Cache), false)
 5 FCPATH\index.php(67): CodeIgniter\CodeIgniter->run()
CRITICAL - 2023-01-26 00:55:17 --> view(): Argument #2 ($data) must be of type array, string given, called in C:\xampp\htdocs\web-codeigniter\app\Controllers\Home.php on line 8
in SYSTEMPATH\Common.php on line 1163.
 1 APPPATH\Controllers\Home.php(8): view('welcome_message', 'Hola mundo')
 2 SYSTEMPATH\CodeIgniter.php(934): App\Controllers\Home->index()
 3 SYSTEMPATH\CodeIgniter.php(499): CodeIgniter\CodeIgniter->runController(Object(App\Controllers\Home))
 4 SYSTEMPATH\CodeIgniter.php(368): CodeIgniter\CodeIgniter->handleRequest(null, Object(Config\Cache), false)
 5 FCPATH\index.php(67): CodeIgniter\CodeIgniter->run()
CRITICAL - 2023-01-26 00:55:17 --> view(): Argument #2 ($data) must be of type array, string given, called in C:\xampp\htdocs\web-codeigniter\app\Controllers\Home.php on line 8
in SYSTEMPATH\Common.php on line 1163.
 1 APPPATH\Controllers\Home.php(8): view('welcome_message', 'Hola mundo')
 2 SYSTEMPATH\CodeIgniter.php(934): App\Controllers\Home->index()
 3 SYSTEMPATH\CodeIgniter.php(499): CodeIgniter\CodeIgniter->runController(Object(App\Controllers\Home))
 4 SYSTEMPATH\CodeIgniter.php(368): CodeIgniter\CodeIgniter->handleRequest(null, Object(Config\Cache), false)
 5 FCPATH\index.php(67): CodeIgniter\CodeIgniter->run()
CRITICAL - 2023-01-26 00:55:17 --> view(): Argument #2 ($data) must be of type array, string given, called in C:\xampp\htdocs\web-codeigniter\app\Controllers\Home.php on line 8
in SYSTEMPATH\Common.php on line 1163.
 1 APPPATH\Controllers\Home.php(8): view('welcome_message', 'Hola mundo')
 2 SYSTEMPATH\CodeIgniter.php(934): App\Controllers\Home->index()
 3 SYSTEMPATH\CodeIgniter.php(499): CodeIgniter\CodeIgniter->runController(Object(App\Controllers\Home))
 4 SYSTEMPATH\CodeIgniter.php(368): CodeIgniter\CodeIgniter->handleRequest(null, Object(Config\Cache), false)
 5 FCPATH\index.php(67): CodeIgniter\CodeIgniter->run()
CRITICAL - 2023-01-26 00:55:18 --> view(): Argument #2 ($data) must be of type array, string given, called in C:\xampp\htdocs\web-codeigniter\app\Controllers\Home.php on line 8
in SYSTEMPATH\Common.php on line 1163.
 1 APPPATH\Controllers\Home.php(8): view('welcome_message', 'Hola mundo')
 2 SYSTEMPATH\CodeIgniter.php(934): App\Controllers\Home->index()
 3 SYSTEMPATH\CodeIgniter.php(499): CodeIgniter\CodeIgniter->runController(Object(App\Controllers\Home))
 4 SYSTEMPATH\CodeIgniter.php(368): CodeIgniter\CodeIgniter->handleRequest(null, Object(Config\Cache), false)
 5 FCPATH\index.php(67): CodeIgniter\CodeIgniter->run()
